Using pre-set license
Built from '2020.3/staging' branch; Version is '2020.3.11f1 (99c7afb366b3) revision 10078127'; Using compiler version '192528614'; Build Type 'Release'
OS: 'Windows 10 Pro; OS build 19041.1083; Version 2004; 64bit' Language: 'ru' Physical Memory: 16231 MB
BatchMode: 1, IsHumanControllingUs: 0, StartBugReporterOnCrash: 0, Is64bit: 1, IsPro: 0

 COMMAND LINE ARGUMENTS:
C:\Program Files\Unity\Editor\Unity.exe
-adb2
-batchMode
-noUpm
-name
AssetImportWorker0
-projectPath
C:/Users/lipin/Documents/GitHub/Unity modules/expirience-module/Expirience
-logFile
Logs/AssetImportWorker0.log
-srvPort
51194
Successfully changed project path to: C:/Users/lipin/Documents/GitHub/Unity modules/expirience-module/Expirience
C:/Users/lipin/Documents/GitHub/Unity modules/expirience-module/Expirience
Using Asset Import Pipeline V2.
Refreshing native plugins compatible for Editor in 27.98 ms, found 2 plugins.
Preloading 0 native plugins for Editor in 0.00 ms.
Initialize engine version: 2020.3.11f1 (99c7afb366b3)
[Subsystems] Discovering subsystems at path C:/Program Files/Unity/Editor/Data/Resources/UnitySubsystems
[Subsystems] Discovering subsystems at path C:/Users/lipin/Documents/GitHub/Unity modules/expirience-module/Expirience/Assets
GfxDevice: creating device client; threaded=0
Direct3D:
    Version:  Direct3D 11.0 [level 11.1]
    Renderer: NVIDIA GeForce GTX 1070 (ID=0x1b81)
    Vendor:   
    VRAM:     8088 MB
    Driver:   27.21.14.5671
Initialize mono
Mono path[0] = 'C:/Program Files/Unity/Editor/Data/Managed'
Mono path[1] = 'C:/Program Files/Unity/Editor/Data/MonoBleedingEdge/lib/mono/unityjit'
Mono config path = 'C:/Program Files/Unity/Editor/Data/MonoBleedingEdge/etc'
Using monoOptions --debugger-agent=transport=dt_socket,embedding=1,server=y,suspend=n,address=127.0.0.1:56500
Begin MonoManager ReloadAssembly
Registering precompiled unity dll's ...
Register platform support module: C:/Program Files/Unity/Editor/Data/PlaybackEngines/WindowsStandaloneSupport/UnityEditor.WindowsStandalone.Extensions.dll
Registered in 0.001663 seconds.
Native extension for WindowsStandalone target not found
Refreshing native plugins compatible for Editor in 27.36 ms, found 2 plugins.
Preloading 0 native plugins for Editor in 0.00 ms.
Mono: successfully reloaded assembly
- Completed reload, in  1.353 seconds
Platform modules already initialized, skipping
Registering precompiled user dll's ...
Registered in 0.092019 seconds.
Begin MonoManager ReloadAssembly
Native extension for WindowsStandalone target not found
Refreshing native plugins compatible for Editor in 0.32 ms, found 2 plugins.
Preloading 0 native plugins for Editor in 0.00 ms.
Mono: successfully reloaded assembly
- Completed reload, in  1.148 seconds
Platform modules already initialized, skipping
========================================================================
Worker process is ready to serve import requests
Launched and connected shader compiler UnityShaderCompiler.exe after 0.08 seconds
Refreshing native plugins compatible for Editor in 0.28 ms, found 2 plugins.
Preloading 0 native plugins for Editor in 0.00 ms.
Unloading 1395 Unused Serialized files (Serialized files now loaded: 0)
System memory in use before: 65.2 MB.
System memory in use after: 65.3 MB.

Unloading 19 unused Assets to reduce memory usage. Loaded Objects now: 1828.
Total: 2.116100 ms (FindLiveObjects: 0.151900 ms CreateObjectMapping: 0.040400 ms MarkObjects: 1.842000 ms  DeleteObjects: 0.081000 ms)

========================================================================
Received Import Request.
  path: Assets/Resources/Prefabs
  artifactKey: Guid(bd87b65e880690747ae33b95658d3124) Importer(815301076,1909f56bfc062723c751e8b465ee728b)
Start importing Assets/Resources/Prefabs using Guid(bd87b65e880690747ae33b95658d3124) Importer(815301076,1909f56bfc062723c751e8b465ee728b)  -> (artifact id: 'ea2ead3ada788108b20131c59e244248') in 0.009699 seconds
  Import took 0.012485 seconds .

========================================================================
Received Import Request.
  Time since last request: 1.820270 seconds.
  path: Assets/Resources/Prefabs/UI
  artifactKey: Guid(0510ee3ae42b4df428c55eeffeadcaba) Importer(815301076,1909f56bfc062723c751e8b465ee728b)
Start importing Assets/Resources/Prefabs/UI using Guid(0510ee3ae42b4df428c55eeffeadcaba) Importer(815301076,1909f56bfc062723c751e8b465ee728b)  -> (artifact id: 'd30879d84409538f1050f3972fb718cf') in 0.008803 seconds
  Import took 0.011509 seconds .

========================================================================
Received Import Request.
  Time since last request: 0.005572 seconds.
  path: Assets/Resources/Prefabs/UI
  artifactKey: Guid(0510ee3ae42b4df428c55eeffeadcaba) Importer(815301076,1909f56bfc062723c751e8b465ee728b)
Start importing Assets/Resources/Prefabs/UI using Guid(0510ee3ae42b4df428c55eeffeadcaba) Importer(815301076,1909f56bfc062723c751e8b465ee728b)  -> (artifact id: 'd30879d84409538f1050f3972fb718cf') in 0.002749 seconds
  Import took 0.005164 seconds .

========================================================================
Received Prepare
Registering precompiled user dll's ...
Registered in 0.003556 seconds.
Begin MonoManager ReloadAssembly
Native extension for WindowsStandalone target not found
Refreshing native plugins compatible for Editor in 0.30 ms, found 2 plugins.
Preloading 0 native plugins for Editor in 0.00 ms.
Mono: successfully reloaded assembly
- Completed reload, in  0.990 seconds
Platform modules already initialized, skipping
Refreshing native plugins compatible for Editor in 0.28 ms, found 2 plugins.
Preloading 0 native plugins for Editor in 0.00 ms.
Unloading 1390 Unused Serialized files (Serialized files now loaded: 0)
System memory in use before: 65.2 MB.
System memory in use after: 65.3 MB.

Unloading 14 unused Assets to reduce memory usage. Loaded Objects now: 1831.
Total: 1.916200 ms (FindLiveObjects: 0.122500 ms CreateObjectMapping: 0.041500 ms MarkObjects: 1.693900 ms  DeleteObjects: 0.057300 ms)

========================================================================
Received Prepare
Registering precompiled user dll's ...
Registered in 0.004286 seconds.
Begin MonoManager ReloadAssembly
Native extension for WindowsStandalone target not found
Refreshing native plugins compatible for Editor in 0.30 ms, found 2 plugins.
Preloading 0 native plugins for Editor in 0.00 ms.
Mono: successfully reloaded assembly
- Completed reload, in  0.962 seconds
Platform modules already initialized, skipping
Refreshing native plugins compatible for Editor in 0.29 ms, found 2 plugins.
Preloading 0 native plugins for Editor in 0.00 ms.
Unloading 1390 Unused Serialized files (Serialized files now loaded: 0)
System memory in use before: 65.2 MB.
System memory in use after: 65.3 MB.

Unloading 14 unused Assets to reduce memory usage. Loaded Objects now: 1834.
Total: 2.136200 ms (FindLiveObjects: 0.152100 ms CreateObjectMapping: 0.038400 ms MarkObjects: 1.900700 ms  DeleteObjects: 0.044200 ms)

========================================================================
Received Import Request.
  Time since last request: 3094.475163 seconds.
  path: Assets/Resources/Prefabs/UI/Experience.prefab
  artifactKey: Guid(98599944343a9a14da6ca3a0770a325b) Importer(815301076,1909f56bfc062723c751e8b465ee728b)
Start importing Assets/Resources/Prefabs/UI/Experience.prefab using Guid(98599944343a9a14da6ca3a0770a325b) Importer(815301076,1909f56bfc062723c751e8b465ee728b)  -> (artifact id: '46e4375b34e67d324456d7d4c866dd21') in 0.073402 seconds
  Import took 0.076640 seconds .

========================================================================
Received Prepare
Registering precompiled user dll's ...
Registered in 0.011517 seconds.
Begin MonoManager ReloadAssembly
Native extension for WindowsStandalone target not found
Refreshing native plugins compatible for Editor in 0.31 ms, found 2 plugins.
Preloading 0 native plugins for Editor in 0.00 ms.
Mono: successfully reloaded assembly
- Completed reload, in  0.961 seconds
Platform modules already initialized, skipping
Refreshing native plugins compatible for Editor in 0.30 ms, found 2 plugins.
Preloading 0 native plugins for Editor in 0.00 ms.
Unloading 1390 Unused Serialized files (Serialized files now loaded: 0)
System memory in use before: 65.3 MB.
System memory in use after: 65.4 MB.

Unloading 14 unused Assets to reduce memory usage. Loaded Objects now: 1839.
Total: 2.032300 ms (FindLiveObjects: 0.123000 ms CreateObjectMapping: 0.035900 ms MarkObjects: 1.825100 ms  DeleteObjects: 0.047300 ms)

========================================================================
Received Import Request.
  Time since last request: 289.381338 seconds.
  path: Assets/Resources/Prefabs/UI/IncreaseExperience.prefab
  artifactKey: Guid(7a43e2a840031484481adf4a6203ccfb) Importer(815301076,1909f56bfc062723c751e8b465ee728b)
Start importing Assets/Resources/Prefabs/UI/IncreaseExperience.prefab using Guid(7a43e2a840031484481adf4a6203ccfb) Importer(815301076,1909f56bfc062723c751e8b465ee728b)  -> (artifact id: '1b78d5e8f8640da5616d8193e1a231f9') in 0.056030 seconds
  Import took 0.058397 seconds .

========================================================================
Received Prepare
Registering precompiled user dll's ...
Registered in 0.004130 seconds.
Begin MonoManager ReloadAssembly
Native extension for WindowsStandalone target not found
Refreshing native plugins compatible for Editor in 0.34 ms, found 2 plugins.
Preloading 0 native plugins for Editor in 0.00 ms.
Mono: successfully reloaded assembly
- Completed reload, in  1.003 seconds
Platform modules already initialized, skipping
Refreshing native plugins compatible for Editor in 0.28 ms, found 2 plugins.
Preloading 0 native plugins for Editor in 0.00 ms.
Unloading 1390 Unused Serialized files (Serialized files now loaded: 0)
System memory in use before: 65.3 MB.
System memory in use after: 65.4 MB.

Unloading 16 unused Assets to reduce memory usage. Loaded Objects now: 1842.
Total: 2.031800 ms (FindLiveObjects: 0.149500 ms CreateObjectMapping: 0.041200 ms MarkObjects: 1.774600 ms  DeleteObjects: 0.065300 ms)

========================================================================
Received Prepare
Registering precompiled user dll's ...
Registered in 0.004645 seconds.
Begin MonoManager ReloadAssembly
Native extension for WindowsStandalone target not found
Refreshing native plugins compatible for Editor in 0.28 ms, found 2 plugins.
Preloading 0 native plugins for Editor in 0.00 ms.
Mono: successfully reloaded assembly
- Completed reload, in  0.963 seconds
Platform modules already initialized, skipping
Refreshing native plugins compatible for Editor in 0.28 ms, found 2 plugins.
Preloading 0 native plugins for Editor in 0.00 ms.
Unloading 1390 Unused Serialized files (Serialized files now loaded: 0)
System memory in use before: 65.3 MB.
System memory in use after: 65.4 MB.

Unloading 14 unused Assets to reduce memory usage. Loaded Objects now: 1845.
Total: 1.788300 ms (FindLiveObjects: 0.123900 ms CreateObjectMapping: 0.051300 ms MarkObjects: 1.567000 ms  DeleteObjects: 0.045000 ms)

========================================================================
Received Prepare
Registering precompiled user dll's ...
Registered in 0.004129 seconds.
Begin MonoManager ReloadAssembly
Native extension for WindowsStandalone target not found
Refreshing native plugins compatible for Editor in 0.29 ms, found 2 plugins.
Preloading 0 native plugins for Editor in 0.00 ms.
Mono: successfully reloaded assembly
- Completed reload, in  0.960 seconds
Platform modules already initialized, skipping
Refreshing native plugins compatible for Editor in 0.28 ms, found 2 plugins.
Preloading 0 native plugins for Editor in 0.00 ms.
Unloading 1390 Unused Serialized files (Serialized files now loaded: 0)
System memory in use before: 65.3 MB.
System memory in use after: 65.4 MB.

Unloading 14 unused Assets to reduce memory usage. Loaded Objects now: 1848.
Total: 1.976500 ms (FindLiveObjects: 0.142600 ms CreateObjectMapping: 0.037800 ms MarkObjects: 1.752900 ms  DeleteObjects: 0.042200 ms)

========================================================================
Received Prepare
Registering precompiled user dll's ...
Registered in 0.004191 seconds.
Begin MonoManager ReloadAssembly
Native extension for WindowsStandalone target not found
Refreshing native plugins compatible for Editor in 0.29 ms, found 2 plugins.
Preloading 0 native plugins for Editor in 0.00 ms.
Mono: successfully reloaded assembly
- Completed reload, in  0.937 seconds
Platform modules already initialized, skipping
Refreshing native plugins compatible for Editor in 0.30 ms, found 2 plugins.
Preloading 0 native plugins for Editor in 0.00 ms.
Unloading 1390 Unused Serialized files (Serialized files now loaded: 0)
System memory in use before: 65.3 MB.
System memory in use after: 65.4 MB.

Unloading 14 unused Assets to reduce memory usage. Loaded Objects now: 1851.
Total: 2.108200 ms (FindLiveObjects: 0.145300 ms CreateObjectMapping: 0.038600 ms MarkObjects: 1.878000 ms  DeleteObjects: 0.045400 ms)

========================================================================
Received Prepare
Registering precompiled user dll's ...
Registered in 0.004272 seconds.
Begin MonoManager ReloadAssembly
Native extension for WindowsStandalone target not found
Refreshing native plugins compatible for Editor in 0.34 ms, found 2 plugins.
Preloading 0 native plugins for Editor in 0.00 ms.
Mono: successfully reloaded assembly
- Completed reload, in  0.939 seconds
Platform modules already initialized, skipping
Refreshing native plugins compatible for Editor in 0.29 ms, found 2 plugins.
Preloading 0 native plugins for Editor in 0.00 ms.
Unloading 1390 Unused Serialized files (Serialized files now loaded: 0)
System memory in use before: 65.3 MB.
System memory in use after: 65.4 MB.

Unloading 14 unused Assets to reduce memory usage. Loaded Objects now: 1854.
Total: 2.155700 ms (FindLiveObjects: 0.140600 ms CreateObjectMapping: 0.037900 ms MarkObjects: 1.932400 ms  DeleteObjects: 0.043700 ms)

========================================================================
Received Prepare
Registering precompiled user dll's ...
Registered in 0.006549 seconds.
Begin MonoManager ReloadAssembly
Native extension for WindowsStandalone target not found
Refreshing native plugins compatible for Editor in 0.30 ms, found 2 plugins.
Preloading 0 native plugins for Editor in 0.00 ms.
Mono: successfully reloaded assembly
- Completed reload, in  0.987 seconds
Platform modules already initialized, skipping
Refreshing native plugins compatible for Editor in 0.30 ms, found 2 plugins.
Preloading 0 native plugins for Editor in 0.00 ms.
Unloading 1390 Unused Serialized files (Serialized files now loaded: 0)
System memory in use before: 65.3 MB.
System memory in use after: 65.4 MB.

Unloading 14 unused Assets to reduce memory usage. Loaded Objects now: 1857.
Total: 2.169600 ms (FindLiveObjects: 0.154200 ms CreateObjectMapping: 0.043800 ms MarkObjects: 1.922800 ms  DeleteObjects: 0.047800 ms)

========================================================================
Received Prepare
Registering precompiled user dll's ...
Registered in 0.004382 seconds.
Begin MonoManager ReloadAssembly
Native extension for WindowsStandalone target not found
Refreshing native plugins compatible for Editor in 0.30 ms, found 2 plugins.
Preloading 0 native plugins for Editor in 0.00 ms.
Mono: successfully reloaded assembly
- Completed reload, in  0.951 seconds
Platform modules already initialized, skipping
Refreshing native plugins compatible for Editor in 0.28 ms, found 2 plugins.
Preloading 0 native plugins for Editor in 0.00 ms.
Unloading 1390 Unused Serialized files (Serialized files now loaded: 0)
System memory in use before: 65.3 MB.
System memory in use after: 65.4 MB.

Unloading 14 unused Assets to reduce memory usage. Loaded Objects now: 1860.
Total: 1.928000 ms (FindLiveObjects: 0.131800 ms CreateObjectMapping: 0.038400 ms MarkObjects: 1.714200 ms  DeleteObjects: 0.042300 ms)

========================================================================
Received Import Request.
  Time since last request: 295.498760 seconds.
  path: Assets/Resources/Prefabs/UI/Experience.prefab
  artifactKey: Guid(98599944343a9a14da6ca3a0770a325b) Importer(815301076,1909f56bfc062723c751e8b465ee728b)
Start importing Assets/Resources/Prefabs/UI/Experience.prefab using Guid(98599944343a9a14da6ca3a0770a325b) Importer(815301076,1909f56bfc062723c751e8b465ee728b)  -> (artifact id: '88d9a16ba6724436032f4284fd3163fa') in 0.034046 seconds
  Import took 0.036278 seconds .

========================================================================
Received Import Request.
  Time since last request: 2.568886 seconds.
  path: Assets/Resources/Prefabs/UI/Experience.prefab
  artifactKey: Guid(98599944343a9a14da6ca3a0770a325b) Importer(815301076,1909f56bfc062723c751e8b465ee728b)
Start importing Assets/Resources/Prefabs/UI/Experience.prefab using Guid(98599944343a9a14da6ca3a0770a325b) Importer(815301076,1909f56bfc062723c751e8b465ee728b)  -> (artifact id: '827a8e47d201730b3428c9b12e656cf7') in 0.004108 seconds
  Import took 0.006539 seconds .

========================================================================
Received Import Request.
  Time since last request: 3.299817 seconds.
  path: Assets/Resources/Prefabs/UI/Experience.prefab
  artifactKey: Guid(98599944343a9a14da6ca3a0770a325b) Importer(815301076,1909f56bfc062723c751e8b465ee728b)
Start importing Assets/Resources/Prefabs/UI/Experience.prefab using Guid(98599944343a9a14da6ca3a0770a325b) Importer(815301076,1909f56bfc062723c751e8b465ee728b)  -> (artifact id: '58f8b1926ee5a7adee3f84da8f4ddf03') in 0.004627 seconds
  Import took 0.007424 seconds .

========================================================================
Received Import Request.
  Time since last request: 4.459151 seconds.
  path: Assets/Resources/Prefabs/UI/Experience.prefab
  artifactKey: Guid(98599944343a9a14da6ca3a0770a325b) Importer(815301076,1909f56bfc062723c751e8b465ee728b)
Start importing Assets/Resources/Prefabs/UI/Experience.prefab using Guid(98599944343a9a14da6ca3a0770a325b) Importer(815301076,1909f56bfc062723c751e8b465ee728b)  -> (artifact id: 'c903cb2b025606d03cb89eee3a67d574') in 0.004267 seconds
  Import took 0.006695 seconds .

========================================================================
Received Import Request.
  Time since last request: 2.258322 seconds.
  path: Assets/Resources/Prefabs/UI/Experience.prefab
  artifactKey: Guid(98599944343a9a14da6ca3a0770a325b) Importer(815301076,1909f56bfc062723c751e8b465ee728b)
Start importing Assets/Resources/Prefabs/UI/Experience.prefab using Guid(98599944343a9a14da6ca3a0770a325b) Importer(815301076,1909f56bfc062723c751e8b465ee728b)  -> (artifact id: '17d3395a15d22486b242143a4d4bfa96') in 0.004018 seconds
  Import took 0.006517 seconds .

========================================================================
Received Import Request.
  Time since last request: 2.820942 seconds.
  path: Assets/Resources/Prefabs/UI/Experience.prefab
  artifactKey: Guid(98599944343a9a14da6ca3a0770a325b) Importer(815301076,1909f56bfc062723c751e8b465ee728b)
Start importing Assets/Resources/Prefabs/UI/Experience.prefab using Guid(98599944343a9a14da6ca3a0770a325b) Importer(815301076,1909f56bfc062723c751e8b465ee728b)  -> (artifact id: '130c45223b1ac4918d6b01ca2c2f5792') in 0.005562 seconds
  Import took 0.009076 seconds .

========================================================================
Received Import Request.
  Time since last request: 7.640234 seconds.
  path: Assets/Resources/Prefabs/UI/Experience.prefab
  artifactKey: Guid(98599944343a9a14da6ca3a0770a325b) Importer(815301076,1909f56bfc062723c751e8b465ee728b)
Start importing Assets/Resources/Prefabs/UI/Experience.prefab using Guid(98599944343a9a14da6ca3a0770a325b) Importer(815301076,1909f56bfc062723c751e8b465ee728b)  -> (artifact id: 'f7bfb977edc519763b4e88ba88d355ec') in 0.004767 seconds
  Import took 0.007487 seconds .

========================================================================
Received Import Request.
  Time since last request: 3.480181 seconds.
  path: Assets/Resources/Prefabs/UI/Experience.prefab
  artifactKey: Guid(98599944343a9a14da6ca3a0770a325b) Importer(815301076,1909f56bfc062723c751e8b465ee728b)
Start importing Assets/Resources/Prefabs/UI/Experience.prefab using Guid(98599944343a9a14da6ca3a0770a325b) Importer(815301076,1909f56bfc062723c751e8b465ee728b)  -> (artifact id: 'd54d35995021ad0063cb570f3e749ed1') in 0.005162 seconds
  Import took 0.007907 seconds .

========================================================================
Received Import Request.
  Time since last request: 2.377480 seconds.
  path: Assets/Resources/Prefabs/UI/Experience.prefab
  artifactKey: Guid(98599944343a9a14da6ca3a0770a325b) Importer(815301076,1909f56bfc062723c751e8b465ee728b)
Start importing Assets/Resources/Prefabs/UI/Experience.prefab using Guid(98599944343a9a14da6ca3a0770a325b) Importer(815301076,1909f56bfc062723c751e8b465ee728b)  -> (artifact id: '392a941be50106e9dfde7e83addec35a') in 0.004339 seconds
  Import took 0.007113 seconds .

========================================================================
Received Import Request.
  Time since last request: 6.406118 seconds.
  path: Assets/Resources/Prefabs/UI/Experience.prefab
  artifactKey: Guid(98599944343a9a14da6ca3a0770a325b) Importer(815301076,1909f56bfc062723c751e8b465ee728b)
Start importing Assets/Resources/Prefabs/UI/Experience.prefab using Guid(98599944343a9a14da6ca3a0770a325b) Importer(815301076,1909f56bfc062723c751e8b465ee728b)  -> (artifact id: 'bfcfcd13a8ea330f5f79b640bc6dd1c2') in 0.006065 seconds
  Import took 0.010173 seconds .

========================================================================
Received Import Request.
  Time since last request: 1.689681 seconds.
  path: Assets/Resources/Prefabs/UI/Experience.prefab
  artifactKey: Guid(98599944343a9a14da6ca3a0770a325b) Importer(815301076,1909f56bfc062723c751e8b465ee728b)
Start importing Assets/Resources/Prefabs/UI/Experience.prefab using Guid(98599944343a9a14da6ca3a0770a325b) Importer(815301076,1909f56bfc062723c751e8b465ee728b)  -> (artifact id: '474773da6da0d2e3b033ad22ffa41b5c') in 0.004259 seconds
  Import took 0.006971 seconds .

========================================================================
Received Import Request.
  Time since last request: 6.039663 seconds.
  path: Assets/Resources/Prefabs/UI/Experience.prefab
  artifactKey: Guid(98599944343a9a14da6ca3a0770a325b) Importer(815301076,1909f56bfc062723c751e8b465ee728b)
Start importing Assets/Resources/Prefabs/UI/Experience.prefab using Guid(98599944343a9a14da6ca3a0770a325b) Importer(815301076,1909f56bfc062723c751e8b465ee728b)  -> (artifact id: 'f026d2b4078435fa1f3d91c9423bbc68') in 0.004366 seconds
  Import took 0.006999 seconds .

========================================================================
Received Import Request.
  Time since last request: 5.770123 seconds.
  path: Assets/Resources/Prefabs/UI/Experience.prefab
  artifactKey: Guid(98599944343a9a14da6ca3a0770a325b) Importer(815301076,1909f56bfc062723c751e8b465ee728b)
Start importing Assets/Resources/Prefabs/UI/Experience.prefab using Guid(98599944343a9a14da6ca3a0770a325b) Importer(815301076,1909f56bfc062723c751e8b465ee728b)  -> (artifact id: 'c2b89678d118b66fbc49877255f85358') in 0.004233 seconds
  Import took 0.007113 seconds .

========================================================================
Received Import Request.
  Time since last request: 8.072680 seconds.
  path: Assets/Resources/Prefabs/UI/Experience.prefab
  artifactKey: Guid(98599944343a9a14da6ca3a0770a325b) Importer(815301076,1909f56bfc062723c751e8b465ee728b)
Start importing Assets/Resources/Prefabs/UI/Experience.prefab using Guid(98599944343a9a14da6ca3a0770a325b) Importer(815301076,1909f56bfc062723c751e8b465ee728b)  -> (artifact id: '4d43881fe2ba58e2dba65215d7c2d3cd') in 0.004067 seconds
  Import took 0.006417 seconds .

========================================================================
Received Import Request.
  Time since last request: 5.673232 seconds.
  path: Assets/Resources/Prefabs/UI/Experience.prefab
  artifactKey: Guid(98599944343a9a14da6ca3a0770a325b) Importer(815301076,1909f56bfc062723c751e8b465ee728b)
Start importing Assets/Resources/Prefabs/UI/Experience.prefab using Guid(98599944343a9a14da6ca3a0770a325b) Importer(815301076,1909f56bfc062723c751e8b465ee728b)  -> (artifact id: '1cea3dc0b6a6cd856b1996989d3a7d7c') in 0.005259 seconds
  Import took 0.008363 seconds .

========================================================================
Received Prepare
Registering precompiled user dll's ...
Registered in 0.004195 seconds.
Begin MonoManager ReloadAssembly
Native extension for WindowsStandalone target not found
Refreshing native plugins compatible for Editor in 0.29 ms, found 2 plugins.
Preloading 0 native plugins for Editor in 0.00 ms.
Mono: successfully reloaded assembly
- Completed reload, in  1.038 seconds
Platform modules already initialized, skipping
Refreshing native plugins compatible for Editor in 0.29 ms, found 2 plugins.
Preloading 0 native plugins for Editor in 0.00 ms.
Unloading 1390 Unused Serialized files (Serialized files now loaded: 0)
System memory in use before: 65.4 MB.
System memory in use after: 65.4 MB.

Unloading 14 unused Assets to reduce memory usage. Loaded Objects now: 1863.
Total: 2.024400 ms (FindLiveObjects: 0.148000 ms CreateObjectMapping: 0.039800 ms MarkObjects: 1.762600 ms  DeleteObjects: 0.073000 ms)

========================================================================
Received Prepare
Registering precompiled user dll's ...
Registered in 0.004161 seconds.
Begin MonoManager ReloadAssembly
Native extension for WindowsStandalone target not found
Refreshing native plugins compatible for Editor in 0.29 ms, found 2 plugins.
Preloading 0 native plugins for Editor in 0.00 ms.
Mono: successfully reloaded assembly
- Completed reload, in  0.984 seconds
Platform modules already initialized, skipping
Refreshing native plugins compatible for Editor in 0.29 ms, found 2 plugins.
Preloading 0 native plugins for Editor in 0.00 ms.
Unloading 1390 Unused Serialized files (Serialized files now loaded: 0)
System memory in use before: 65.4 MB.
System memory in use after: 65.4 MB.

Unloading 14 unused Assets to reduce memory usage. Loaded Objects now: 1866.
Total: 1.834300 ms (FindLiveObjects: 0.143300 ms CreateObjectMapping: 0.037200 ms MarkObjects: 1.609100 ms  DeleteObjects: 0.043800 ms)

========================================================================
Received Prepare
Registering precompiled user dll's ...
Registered in 0.004918 seconds.
Begin MonoManager ReloadAssembly
Native extension for WindowsStandalone target not found
Refreshing native plugins compatible for Editor in 0.30 ms, found 2 plugins.
Preloading 0 native plugins for Editor in 0.00 ms.
Mono: successfully reloaded assembly
- Completed reload, in  1.003 seconds
Platform modules already initialized, skipping
Refreshing native plugins compatible for Editor in 0.27 ms, found 2 plugins.
Preloading 0 native plugins for Editor in 0.00 ms.
Unloading 1390 Unused Serialized files (Serialized files now loaded: 0)
System memory in use before: 65.4 MB.
System memory in use after: 65.4 MB.

Unloading 14 unused Assets to reduce memory usage. Loaded Objects now: 1869.
Total: 2.133200 ms (FindLiveObjects: 0.148900 ms CreateObjectMapping: 0.041900 ms MarkObjects: 1.896600 ms  DeleteObjects: 0.044600 ms)

AssetImportWorkerClient::OnTransportError - code=2 error=End of file
